<?xml version="1.0" encoding="UTF-8"?>
<testsuites>
  <testsuite name="" tests="2" assertions="2" errors="0" warnings="0" failures="0" skipped="0" time="0.032993">
    <testsuite name="Unit" tests="2" assertions="2" errors="0" warnings="0" failures="0" skipped="0" time="0.032993">
      <testsuite name="Console\Tests\BaseTest" file="C:\xampp-7.4\htdocs\ipricegroup\php-cli-tool\tests\BaseTest.php" tests="2" assertions="2" errors="0" warnings="0" failures="0" skipped="0" time="0.032993">
        <testcase name="testOutputToConsoleWithLineBreak" class="Console\Tests\BaseTest" classname="Console.Tests.BaseTest" file="C:\xampp-7.4\htdocs\ipricegroup\php-cli-tool\tests\BaseTest.php" line="18" assertions="1" time="0.020747"/>
        <testcase name="testOutputToConsoleWithoutLineBreak" class="Console\Tests\BaseTest" classname="Console.Tests.BaseTest" file="C:\xampp-7.4\htdocs\ipricegroup\php-cli-tool\tests\BaseTest.php" line="28" assertions="1" time="0.012246"/>
      </testsuite>
    </testsuite>
  </testsuite>
</testsuites>
