<?xml version="1.0" encoding="UTF-8"?>
<tests>
  <test className="Console\Tests\BaseTest" methodName="testOutputToConsoleWithLineBreak" prettifiedClassName="Base (Console\Tests\Base)" prettifiedMethodName="Output to console with line break" status="0" time="0.025124931" size="-1" groups="default">
    <group name="default"/>
  </test>
  <test className="Console\Tests\BaseTest" methodName="testOutputToConsoleWithoutLineBreak" prettifiedClassName="Base (Console\Tests\Base)" prettifiedMethodName="Output to console without line break" status="0" time="0.006275953" size="-1" groups="default">
    <group name="default"/>
  </test>
  <test className="Console\Tests\StringArgumentTest" methodName="testUpperCase" prettifiedClassName="String Argument (Console\Tests\StringArgument)" prettifiedMethodName="Upper case" status="0" time="0.014886076" size="-1" groups="default">
    <group name="default"/>
  </test>
  <test className="Console\Tests\StringArgumentTest" methodName="testAlternate" prettifiedClassName="String Argument (Console\Tests\StringArgument)" prettifiedMethodName="Alternate" status="0" time="0.009890056" size="-1" groups="default">
    <group name="default"/>
  </test>
  <test className="Console\Tests\StringArgumentTest" methodName="testExportToCsv" prettifiedClassName="String Argument (Console\Tests\StringArgument)" prettifiedMethodName="Export to csv" status="0" time="0.009117329" size="-1" groups="default">
    <group name="default"/>
  </test>
  <test className="Console\Tests\StringArgumentTest" methodName="testHandleWithArgumentstring" prettifiedClassName="String Argument (Console\Tests\StringArgument)" prettifiedMethodName="Handle with argumentstring" status="0" time="0.012936006" size="-1" groups="default">
    <group name="default"/>
  </test>
  <test className="Console\Tests\StringArgumentTest" methodName="testHandleWithoutArgumentstring" prettifiedClassName="String Argument (Console\Tests\StringArgument)" prettifiedMethodName="Handle without argumentstring" status="0" time="0.014582537" size="-1" groups="default">
    <group name="default"/>
  </test>
</tests>
